<?xml version="1.0" encoding="UTF-8"?>
<!-- Generated by org.testng.reporters.JUnitReportReporter -->
<testsuite hostname="TCS" failures="0" tests="1" name="com.sdet.RShettyAcademy_Login" time="51.158" errors="0" timestamp="2023-12-14T00:11:06 IST" skipped="0">
  <testcase classname="com.sdet.RShettyAcademy_Login" name="login_RShettyAcademyTest" time="51.158"/>
  <system-out/>
</testsuite> <!-- com.sdet.RShettyAcademy_Login -->
