<?xml version="1.0" encoding="UTF-8"?>
<!-- Generated by org.testng.reporters.JUnitReportReporter -->
<testsuite hostname="TCS" failures="0" tests="1" name="com.sdet.OrangeHRM1_Login" time="47.043" errors="0" timestamp="2023-12-14T00:01:17 IST" skipped="0">
  <testcase classname="com.sdet.OrangeHRM1_Login" name="login_RShettyAcademyTest" time="47.043"/>
  <system-out/>
</testsuite> <!-- com.sdet.OrangeHRM1_Login -->
