<?xml version="1.0" encoding="UTF-8"?>
<!-- Generated by org.testng.reporters.JUnitReportReporter -->
<testsuite hostname="TCS" failures="0" tests="3" name="TestNG_AllPrg.FirstTestNG2" time="0.017" errors="0" timestamp="2023-12-15T00:54:22 IST" skipped="0">
  <testcase classname="TestNG_AllPrg.FirstTestNG2" name="setup" time="0.008"/>
  <system-out/>
  <testcase classname="TestNG_AllPrg.FirstTestNG2" name="searchCust" time="0.006"/>
  <system-out/>
  <testcase classname="TestNG_AllPrg.FirstTestNG2" name="teardown" time="0.003"/>
  <system-out/>
</testsuite> <!-- TestNG_AllPrg.FirstTestNG2 -->
