<?xml version="1.0" encoding="UTF-8"?>
<!-- Generated by org.testng.reporters.JUnitReportReporter -->
<testsuite hostname="TCS" failures="0" tests="3" name="TestNG_AllPrg.FirstTestNG1" time="0.033" errors="0" timestamp="2023-12-15T00:54:22 IST" skipped="0">
  <testcase classname="TestNG_AllPrg.FirstTestNG1" name="setup" time="0.019"/>
  <system-out/>
  <testcase classname="TestNG_AllPrg.FirstTestNG1" name="login" time="0.009"/>
  <system-out/>
  <testcase classname="TestNG_AllPrg.FirstTestNG1" name="teardown" time="0.005"/>
  <system-out/>
</testsuite> <!-- TestNG_AllPrg.FirstTestNG1 -->
