<?xml version="1.0" encoding="UTF-8"?>
<!-- Generated by org.testng.reporters.JUnitReportReporter -->
<testsuite hostname="TCS" failures="0" tests="2" name="com.sdet.AppTest" time="0.031" errors="0" timestamp="2023-12-16T22:55:30 IST" skipped="0">
  <testcase classname="com.sdet.AppTest" name="testLogin1" time="0.031"/>
  <system-out/>
  <testcase classname="com.sdet.AppTest" name="testLogin2" time="0.000"/>
  <system-out/>
</testsuite> <!-- com.sdet.AppTest -->
