<?xml version="1.0" encoding="UTF-8"?>
<!-- Generated by org.testng.reporters.JUnitReportReporter -->
<testsuite hostname="TCS" failures="0" tests="1" name="com.sdet.RShettyAcademy_Login" time="42.442" errors="0" timestamp="2023-12-16T22:55:30 IST" skipped="0">
  <testcase classname="com.sdet.RShettyAcademy_Login" name="login_RShettyAcademyTest" time="42.442"/>
  <system-out/>
</testsuite> <!-- com.sdet.RShettyAcademy_Login -->
